[2020-01-19T09:37:36.126] [DEBUG] cheese - login => username:zs,password:123456
[2020-01-19T09:37:36.129] [DEBUG] cheese - zs
[2020-01-19T09:37:36.144] [DEBUG] cheese - null
[2020-01-19T09:37:36.144] [DEBUG] cheese - null
[2020-01-19T09:37:45.423] [DEBUG] cheese - login => username:admin,password:123456
[2020-01-19T09:37:45.423] [DEBUG] cheese - admin
[2020-01-19T09:37:45.432] [DEBUG] cheese - null
[2020-01-19T09:37:45.432] [DEBUG] cheese - null
[2020-01-19T14:58:49.600] [DEBUG] cheese - login => username:admin,password:123456
[2020-01-19T14:58:49.602] [DEBUG] cheese - admin
[2020-01-19T14:58:49.617] [DEBUG] cheese - null
[2020-01-19T14:58:49.618] [DEBUG] cheese - null
[2020-01-19T14:59:44.235] [DEBUG] cheese - login => username:admin,password:123456
[2020-01-19T14:59:44.235] [DEBUG] cheese - admin
[2020-01-19T14:59:44.238] [DEBUG] cheese - null
[2020-01-19T14:59:44.239] [DEBUG] cheese - null
[2020-01-19T15:17:42.569] [DEBUG] cheese - login => username:admin,password:123456
[2020-01-19T15:17:42.570] [DEBUG] cheese - admin
[2020-01-19T15:17:42.574] [DEBUG] cheese - null
[2020-01-19T15:17:42.574] [DEBUG] cheese - null
[2020-01-19T15:18:22.727] [DEBUG] cheese - login => username:admin,password:123456
[2020-01-19T15:18:22.727] [DEBUG] cheese - admin
[2020-01-19T15:18:22.729] [DEBUG] cheese - null
[2020-01-19T15:18:22.729] [DEBUG] cheese - null
[2020-01-19T15:18:26.210] [DEBUG] cheese - login => username:admin,password:123456
[2020-01-19T15:18:26.210] [DEBUG] cheese - admin
[2020-01-19T15:18:26.213] [DEBUG] cheese - null
[2020-01-19T15:18:26.213] [DEBUG] cheese - null
[2020-01-19T15:18:28.096] [DEBUG] cheese - login => username:admina,password:123456
[2020-01-19T15:18:28.096] [DEBUG] cheese - admina
[2020-01-19T15:18:28.098] [DEBUG] cheese - null
[2020-01-19T15:18:28.098] [DEBUG] cheese - null
[2020-01-19T15:25:07.169] [DEBUG] cheese - login => username:admin,password:123456
[2020-01-19T15:25:07.170] [DEBUG] cheese - admin
[2020-01-19T15:25:07.172] [DEBUG] cheese - null
[2020-01-19T15:25:07.173] [DEBUG] cheese - null
[2020-01-19T15:26:31.579] [DEBUG] cheese - login => username:admin,password:123456d
[2020-01-19T15:26:31.579] [DEBUG] cheese - admin
[2020-01-19T15:26:31.581] [DEBUG] cheese - null
[2020-01-19T15:26:31.581] [DEBUG] cheese - null
[2020-01-19T15:26:34.835] [DEBUG] cheese - login => username:admin,password:123456d
[2020-01-19T15:26:34.835] [DEBUG] cheese - admin
[2020-01-19T15:26:34.836] [DEBUG] cheese - null
[2020-01-19T15:26:34.837] [DEBUG] cheese - null
[2020-01-19T15:26:35.293] [DEBUG] cheese - login => username:admin,password:123456d
[2020-01-19T15:26:35.293] [DEBUG] cheese - admin
[2020-01-19T15:26:35.296] [DEBUG] cheese - null
[2020-01-19T15:26:35.296] [DEBUG] cheese - null
[2020-01-19T15:26:40.302] [DEBUG] cheese - login => username:admin,password:123456
[2020-01-19T15:26:40.302] [DEBUG] cheese - admin
[2020-01-19T15:26:40.304] [DEBUG] cheese - null
[2020-01-19T15:26:40.304] [DEBUG] cheese - null
[2020-01-19T15:28:41.289] [DEBUG] cheese - login => username:admin,password:123456
[2020-01-19T15:28:41.289] [DEBUG] cheese - admin
[2020-01-19T15:28:41.291] [DEBUG] cheese - null
[2020-01-19T15:28:41.291] [DEBUG] cheese - null
[2020-01-19T15:29:36.110] [DEBUG] cheese - login => username:admin,password:123456
[2020-01-19T15:29:36.110] [DEBUG] cheese - admin
[2020-01-19T15:29:36.113] [DEBUG] cheese - null
[2020-01-19T15:29:36.113] [DEBUG] cheese - null
[2020-01-19T15:30:03.885] [DEBUG] cheese - login => username:admin,password:123456
[2020-01-19T15:30:03.885] [DEBUG] cheese - admin
[2020-01-19T15:30:03.888] [DEBUG] cheese - null
[2020-01-19T15:30:03.888] [DEBUG] cheese - null
[2020-01-19T15:42:40.236] [DEBUG] cheese - login => username:admin,password:123456
[2020-01-19T15:42:40.236] [DEBUG] cheese - admin
[2020-01-19T15:42:40.239] [DEBUG] cheese - null
[2020-01-19T15:42:40.239] [DEBUG] cheese - null
[2020-01-19T16:03:47.994] [DEBUG] cheese - login => username:admin,password:123456
[2020-01-19T16:03:47.994] [DEBUG] cheese - admin
[2020-01-19T16:03:47.997] [DEBUG] cheese - null
[2020-01-19T16:03:47.997] [DEBUG] cheese - null
[2020-01-19T16:10:45.012] [DEBUG] cheese - login => username:admin,password:123456
[2020-01-19T16:10:45.012] [DEBUG] cheese - admin
[2020-01-19T16:10:45.016] [DEBUG] cheese - null
[2020-01-19T16:10:45.016] [DEBUG] cheese - null
[2020-01-19T16:11:53.433] [DEBUG] cheese - login => username:admin,password:123456
[2020-01-19T16:11:53.433] [DEBUG] cheese - admin
[2020-01-19T16:11:53.436] [DEBUG] cheese - null
[2020-01-19T16:11:53.436] [DEBUG] cheese - null
[2020-01-19T16:18:49.514] [DEBUG] cheese - login => username:admin,password:123456
[2020-01-19T16:18:49.514] [DEBUG] cheese - admin
[2020-01-19T16:18:49.516] [DEBUG] cheese - null
[2020-01-19T16:18:49.517] [DEBUG] cheese - null
[2020-01-19T16:28:16.679] [DEBUG] cheese - login => username:admin,password:123456
[2020-01-19T16:28:16.679] [DEBUG] cheese - admin
[2020-01-19T16:28:16.681] [DEBUG] cheese - null
[2020-01-19T16:28:16.681] [DEBUG] cheese - null
[2020-01-19T16:56:02.532] [DEBUG] cheese - login => username:admin,password:123456
[2020-01-19T16:56:02.533] [DEBUG] cheese - admin
[2020-01-19T16:56:02.536] [DEBUG] cheese - null
[2020-01-19T16:56:02.536] [DEBUG] cheese - null
[2020-01-19T17:21:38.815] [DEBUG] cheese - login => username:admin,password:123456
[2020-01-19T17:21:38.815] [DEBUG] cheese - admin
[2020-01-19T17:21:38.817] [DEBUG] cheese - null
[2020-01-19T17:21:38.817] [DEBUG] cheese - null
[2020-01-19T17:23:50.368] [DEBUG] cheese - login => username:admin,password:123456
[2020-01-19T17:23:50.369] [DEBUG] cheese - admin
[2020-01-19T17:23:50.371] [DEBUG] cheese - null
[2020-01-19T17:23:50.371] [DEBUG] cheese - null
[2020-01-19T17:24:24.053] [DEBUG] cheese - login => username:admin,password:123456
[2020-01-19T17:24:24.053] [DEBUG] cheese - admin
[2020-01-19T17:24:24.055] [DEBUG] cheese - null
[2020-01-19T17:24:24.055] [DEBUG] cheese - null
[2020-01-19T17:28:18.312] [DEBUG] cheese - login => username:admin,password:123456
[2020-01-19T17:28:18.312] [DEBUG] cheese - admin
[2020-01-19T17:28:18.315] [DEBUG] cheese - null
[2020-01-19T17:28:18.315] [DEBUG] cheese - null
[2020-01-19T17:44:37.466] [DEBUG] cheese - login => username:admin,password:123456
[2020-01-19T17:44:37.466] [DEBUG] cheese - admin
[2020-01-19T17:44:37.469] [DEBUG] cheese - null
[2020-01-19T17:44:37.469] [DEBUG] cheese - null
[2020-01-19T17:46:20.424] [DEBUG] cheese - login => username:admin,password:123456
[2020-01-19T17:46:20.424] [DEBUG] cheese - admin
[2020-01-19T17:46:20.428] [DEBUG] cheese - null
[2020-01-19T17:46:20.428] [DEBUG] cheese - null
[2020-01-19T21:53:47.644] [DEBUG] cheese - login => username:admin,password:123456
[2020-01-19T21:53:47.644] [DEBUG] cheese - admin
[2020-01-19T21:53:47.647] [DEBUG] cheese - null
[2020-01-19T21:53:47.647] [DEBUG] cheese - null
[2020-01-19T22:21:52.998] [DEBUG] cheese - login => username:admin,password:123456
[2020-01-19T22:21:52.998] [DEBUG] cheese - admin
[2020-01-19T22:21:53.001] [DEBUG] cheese - null
[2020-01-19T22:21:53.001] [DEBUG] cheese - null
[2020-01-19T23:08:34.335] [DEBUG] cheese - login => username:admin,password:123456
[2020-01-19T23:08:34.335] [DEBUG] cheese - admin
[2020-01-19T23:08:34.337] [DEBUG] cheese - null
[2020-01-19T23:08:34.337] [DEBUG] cheese - null
[2020-01-20T16:15:37.043] [DEBUG] cheese - login => username:admin,password:123456
[2020-01-20T16:15:37.045] [DEBUG] cheese - admin
[2020-01-20T16:15:37.055] [DEBUG] cheese - null
[2020-01-20T16:15:37.056] [DEBUG] cheese - null
[2020-01-20T16:40:51.810] [DEBUG] cheese - login => username:admin,password:123456
[2020-01-20T16:40:51.810] [DEBUG] cheese - admin
[2020-01-20T16:40:51.814] [DEBUG] cheese - null
[2020-01-20T16:40:51.814] [DEBUG] cheese - null
[2020-01-20T23:36:37.377] [DEBUG] cheese - login => username:admin,password:123456
[2020-01-20T23:36:37.378] [DEBUG] cheese - admin
[2020-01-20T23:36:37.380] [DEBUG] cheese - null
[2020-01-20T23:36:37.380] [DEBUG] cheese - null
[2020-01-21T15:57:20.945] [DEBUG] cheese - null
[2020-01-21T23:03:47.319] [DEBUG] cheese - login => username:admin,password:123456
[2020-01-21T23:03:47.320] [DEBUG] cheese - admin
[2020-01-21T23:03:47.323] [DEBUG] cheese - null
[2020-01-21T23:03:47.323] [DEBUG] cheese - null
[2020-01-23T20:44:20.582] [DEBUG] cheese - login => username:admin,password:123456
[2020-01-23T20:44:20.585] [DEBUG] cheese - admin
[2020-01-23T20:44:20.604] [DEBUG] cheese - null
[2020-01-23T20:44:20.605] [DEBUG] cheese - null
[2020-01-25T12:07:27.757] [DEBUG] cheese - login => username:admin,password:123456
[2020-01-25T12:07:27.758] [DEBUG] cheese - admin
[2020-01-25T12:07:27.868] [DEBUG] cheese - null
[2020-01-25T12:07:27.868] [DEBUG] cheese - null
[2020-01-25T17:55:09.328] [DEBUG] cheese - login => username:admin,password:123456
[2020-01-25T17:55:09.328] [DEBUG] cheese - admin
[2020-01-25T17:55:09.330] [DEBUG] cheese - null
[2020-01-25T17:55:09.330] [DEBUG] cheese - null
[2020-01-25T17:56:06.587] [DEBUG] cheese - login => username:admi,password:123456
[2020-01-25T17:56:06.588] [DEBUG] cheese - admi
[2020-01-25T17:56:06.589] [DEBUG] cheese - null
[2020-01-25T17:56:06.589] [DEBUG] cheese - null
[2020-01-25T17:56:10.552] [DEBUG] cheese - login => username:admin,password:123456
[2020-01-25T17:56:10.552] [DEBUG] cheese - admin
[2020-01-25T17:56:10.555] [DEBUG] cheese - null
[2020-01-25T17:56:10.555] [DEBUG] cheese - null
[2020-01-25T17:56:25.692] [DEBUG] cheese - login => username:linken,password:123456
[2020-01-25T17:56:25.692] [DEBUG] cheese - linken
[2020-01-25T17:56:25.695] [DEBUG] cheese - null
[2020-01-25T17:56:25.695] [DEBUG] cheese - null
[2020-01-25T17:56:33.086] [DEBUG] cheese - login => username:admin,password:123456
[2020-01-25T17:56:33.086] [DEBUG] cheese - admin
[2020-01-25T17:56:33.089] [DEBUG] cheese - null
[2020-01-25T17:56:33.089] [DEBUG] cheese - null
[2020-01-25T18:01:11.807] [DEBUG] cheese - login => username:auth,password:123456
[2020-01-25T18:01:11.807] [DEBUG] cheese - auth
[2020-01-25T18:01:11.809] [DEBUG] cheese - null
[2020-01-25T18:01:11.809] [DEBUG] cheese - null
[2020-01-25T18:01:21.331] [DEBUG] cheese - login => username:auth,password:123456
[2020-01-25T18:01:21.331] [DEBUG] cheese - auth
[2020-01-25T18:01:21.333] [DEBUG] cheese - null
[2020-01-25T18:01:21.333] [DEBUG] cheese - null
[2020-01-25T18:01:22.594] [DEBUG] cheese - login => username:admin,password:123456
[2020-01-25T18:01:22.594] [DEBUG] cheese - admin
[2020-01-25T18:01:22.596] [DEBUG] cheese - null
[2020-01-25T18:01:22.596] [DEBUG] cheese - null
[2020-01-25T18:01:46.719] [DEBUG] cheese - login => username:auth,password:123456
[2020-01-25T18:01:46.719] [DEBUG] cheese - auth
[2020-01-25T18:01:46.720] [DEBUG] cheese - null
[2020-01-25T18:01:46.720] [DEBUG] cheese - null
[2020-01-25T18:01:49.042] [DEBUG] cheese - null
[2020-01-25T18:01:49.045] [DEBUG] cheese - null
[2020-01-25T18:01:52.237] [DEBUG] cheese - null
[2020-01-25T18:01:52.238] [DEBUG] cheese - null
[2020-01-25T18:01:53.421] [DEBUG] cheese - null
[2020-01-25T18:01:53.424] [DEBUG] cheese - null
[2020-01-25T18:01:59.201] [DEBUG] cheese - login => username:admin,password:123456
[2020-01-25T18:01:59.201] [DEBUG] cheese - admin
[2020-01-25T18:01:59.202] [DEBUG] cheese - null
[2020-01-25T18:01:59.202] [DEBUG] cheese - null
[2020-01-26T13:07:24.764] [DEBUG] cheese - login => username:admin,password:123456
[2020-01-26T13:07:24.764] [DEBUG] cheese - admin
[2020-01-26T13:07:24.767] [DEBUG] cheese - null
[2020-01-26T13:07:24.767] [DEBUG] cheese - null
[2020-01-26T16:04:29.486] [DEBUG] cheese - login => username:admin,password:123456
[2020-01-26T16:04:29.486] [DEBUG] cheese - admin
[2020-01-26T16:04:29.592] [DEBUG] cheese - null
[2020-01-26T16:04:29.592] [DEBUG] cheese - null
[2020-01-26T17:42:27.771] [DEBUG] cheese - login => username:orders,password:123456
[2020-01-26T17:42:27.772] [DEBUG] cheese - orders
[2020-01-26T17:42:27.776] [DEBUG] cheese - null
[2020-01-26T17:42:27.776] [DEBUG] cheese - null
[2020-01-26T17:42:37.026] [DEBUG] cheese - login => username:admin,password:123456
[2020-01-26T17:42:37.026] [DEBUG] cheese - admin
[2020-01-26T17:42:37.031] [DEBUG] cheese - null
[2020-01-26T17:42:37.031] [DEBUG] cheese - null
[2020-01-26T17:42:51.967] [DEBUG] cheese - login => username:good,password:123456
[2020-01-26T17:42:51.967] [DEBUG] cheese - good
[2020-01-26T17:42:51.968] [DEBUG] cheese - null
[2020-01-26T17:42:51.969] [DEBUG] cheese - null
[2020-01-26T17:42:57.198] [DEBUG] cheese - login => username:good,password:123456
[2020-01-26T17:42:57.198] [DEBUG] cheese - good
[2020-01-26T17:42:57.202] [DEBUG] cheese - null
[2020-01-26T17:42:57.202] [DEBUG] cheese - null
[2020-01-26T17:43:03.117] [DEBUG] cheese - login => username:admin,password:123456
[2020-01-26T17:43:03.117] [DEBUG] cheese - admin
[2020-01-26T17:43:03.121] [DEBUG] cheese - null
[2020-01-26T17:43:03.121] [DEBUG] cheese - null
[2020-01-26T17:59:57.263] [DEBUG] cheese - login => username:linken,password:123456
[2020-01-26T17:59:57.263] [DEBUG] cheese - linken
[2020-01-26T17:59:57.266] [DEBUG] cheese - null
[2020-01-26T17:59:57.266] [DEBUG] cheese - null
[2020-01-26T17:59:59.567] [DEBUG] cheese - null
[2020-01-26T17:59:59.571] [DEBUG] cheese - null
[2020-01-26T18:00:00.669] [DEBUG] cheese - null
[2020-01-26T18:00:00.673] [DEBUG] cheese - null
[2020-01-26T18:00:01.722] [DEBUG] cheese - null
[2020-01-26T18:00:01.725] [DEBUG] cheese - null
[2020-01-26T18:00:12.566] [DEBUG] cheese - null
[2020-01-26T18:00:12.571] [DEBUG] cheese - null
[2020-01-26T18:00:13.701] [DEBUG] cheese - null
[2020-01-26T18:00:13.705] [DEBUG] cheese - null
[2020-01-26T18:00:20.653] [DEBUG] cheese - login => username:admin,password:123456
[2020-01-26T18:00:20.653] [DEBUG] cheese - admin
[2020-01-26T18:00:20.657] [DEBUG] cheese - null
[2020-01-26T18:00:20.657] [DEBUG] cheese - null
[2020-01-26T18:01:02.169] [DEBUG] cheese - login => username:admin,password:123456
[2020-01-26T18:01:02.169] [DEBUG] cheese - admin
[2020-01-26T18:01:02.174] [DEBUG] cheese - null
[2020-01-26T18:01:02.174] [DEBUG] cheese - null
[2020-01-26T18:01:11.646] [DEBUG] cheese - login => username:orders,password:123456
[2020-01-26T18:01:11.646] [DEBUG] cheese - orders
[2020-01-26T18:01:11.650] [DEBUG] cheese - null
[2020-01-26T18:01:11.650] [DEBUG] cheese - null
[2020-01-26T18:01:12.416] [DEBUG] cheese - login => username:orders,password:123456
[2020-01-26T18:01:12.416] [DEBUG] cheese - orders
[2020-01-26T18:01:12.421] [DEBUG] cheese - null
[2020-01-26T18:01:12.421] [DEBUG] cheese - null
[2020-01-26T18:01:12.616] [DEBUG] cheese - login => username:orders,password:123456
[2020-01-26T18:01:12.617] [DEBUG] cheese - orders
[2020-01-26T18:01:12.620] [DEBUG] cheese - null
[2020-01-26T18:01:12.621] [DEBUG] cheese - null
[2020-01-26T18:01:15.327] [DEBUG] cheese - login => username:admin,password:123456
[2020-01-26T18:01:15.327] [DEBUG] cheese - admin
[2020-01-26T18:01:15.331] [DEBUG] cheese - null
[2020-01-26T18:01:15.331] [DEBUG] cheese - null
[2020-01-26T22:01:29.107] [DEBUG] cheese - login => username:admin,password:123456
[2020-01-26T22:01:29.107] [DEBUG] cheese - admin
[2020-01-26T22:01:29.113] [DEBUG] cheese - null
[2020-01-26T22:01:29.113] [DEBUG] cheese - null
[2020-01-28T09:54:49.669] [DEBUG] cheese - login => username:admin,password:123456
[2020-01-28T09:54:49.671] [DEBUG] cheese - admin
[2020-01-28T09:54:49.689] [DEBUG] cheese - null
[2020-01-28T09:54:49.690] [DEBUG] cheese - null
[2020-01-28T09:59:40.428] [DEBUG] cheese - login => username:admin,password:123456
[2020-01-28T09:59:40.428] [DEBUG] cheese - admin
[2020-01-28T09:59:40.431] [DEBUG] cheese - null
[2020-01-28T09:59:40.431] [DEBUG] cheese - null
[2020-01-28T12:56:54.555] [DEBUG] cheese - login => username:admin,password:123456
[2020-01-28T12:56:54.555] [DEBUG] cheese - admin
[2020-01-28T12:56:54.558] [DEBUG] cheese - null
[2020-01-28T12:56:54.558] [DEBUG] cheese - null
[2020-01-29T14:09:05.931] [DEBUG] cheese - login => username:admin,password:123456
[2020-01-29T14:09:05.931] [DEBUG] cheese - admin
[2020-01-29T14:09:05.987] [DEBUG] cheese - null
[2020-01-29T14:09:05.987] [DEBUG] cheese - null
[2020-01-30T13:06:03.979] [DEBUG] cheese - login => username:admin,password:123456
[2020-01-30T13:06:03.981] [DEBUG] cheese - admin
[2020-01-30T13:06:03.998] [DEBUG] cheese - null
[2020-01-30T13:06:03.999] [DEBUG] cheese - null
[2020-01-31T15:04:41.057] [DEBUG] cheese - login => username:admin,password:123456
[2020-01-31T15:04:41.059] [DEBUG] cheese - admin
[2020-01-31T15:04:41.091] [DEBUG] cheese - null
[2020-01-31T15:04:41.091] [DEBUG] cheese - null
[2020-01-31T15:16:39.226] [DEBUG] cheese - login => username:admin,password:123456
[2020-01-31T15:16:39.226] [DEBUG] cheese - admin
[2020-01-31T15:16:39.230] [DEBUG] cheese - null
[2020-01-31T15:16:39.230] [DEBUG] cheese - null
[2020-01-31T15:16:57.411] [DEBUG] cheese - login => username:admin,password:123456
[2020-01-31T15:16:57.412] [DEBUG] cheese - admin
[2020-01-31T15:16:57.416] [DEBUG] cheese - null
[2020-01-31T15:16:57.416] [DEBUG] cheese - null
[2020-01-31T16:45:49.514] [DEBUG] cheese - null
[2020-02-01T15:19:52.934] [DEBUG] cheese - login => username:admin,password:123456
[2020-02-01T15:19:52.934] [DEBUG] cheese - admin
[2020-02-01T15:19:52.943] [DEBUG] cheese - null
[2020-02-01T15:19:52.943] [DEBUG] cheese - null
[2020-02-02T10:55:43.884] [DEBUG] cheese - login => username:admin,password:123456
[2020-02-02T10:55:43.884] [DEBUG] cheese - admin
[2020-02-02T10:55:43.887] [DEBUG] cheese - null
[2020-02-02T10:55:43.887] [DEBUG] cheese - null
[2020-02-02T12:23:43.455] [DEBUG] cheese - login => username:admin,password:123456
[2020-02-02T12:23:43.458] [DEBUG] cheese - admin
[2020-02-02T12:23:43.478] [DEBUG] cheese - null
[2020-02-02T12:23:43.478] [DEBUG] cheese - null
[2020-02-02T12:25:57.106] [DEBUG] cheese - login => username:admin,password:123456
[2020-02-02T12:25:57.106] [DEBUG] cheese - admin
[2020-02-02T12:25:57.112] [DEBUG] cheese - null
[2020-02-02T12:25:57.112] [DEBUG] cheese - null
[2020-02-02T12:27:41.624] [DEBUG] cheese - login => username:admin,password:123456
[2020-02-02T12:27:41.624] [DEBUG] cheese - admin
[2020-02-02T12:27:41.630] [DEBUG] cheese - null
[2020-02-02T12:27:41.630] [DEBUG] cheese - null
[2020-02-02T12:28:10.566] [DEBUG] cheese - login => username:admin5,password:123456
[2020-02-02T12:28:10.566] [DEBUG] cheese - admin5
[2020-02-02T12:28:10.570] [DEBUG] cheese - null
[2020-02-02T12:28:10.571] [DEBUG] cheese - null
[2020-02-02T12:28:31.941] [DEBUG] cheese - login => username:admin,password:123456
[2020-02-02T12:28:31.941] [DEBUG] cheese - admin
[2020-02-02T12:28:31.946] [DEBUG] cheese - null
[2020-02-02T12:28:31.946] [DEBUG] cheese - null
[2020-02-02T12:40:46.618] [DEBUG] cheese - login => username:admin,password:123456
[2020-02-02T12:40:46.619] [DEBUG] cheese - admin
[2020-02-02T12:40:46.622] [DEBUG] cheese - null
[2020-02-02T12:40:46.622] [DEBUG] cheese - null
[2020-02-02T12:47:25.040] [DEBUG] cheese - login => username:admin,password:123456
[2020-02-02T12:47:25.040] [DEBUG] cheese - admin
[2020-02-02T12:47:25.043] [DEBUG] cheese - null
[2020-02-02T12:47:25.043] [DEBUG] cheese - null
[2020-02-02T12:59:06.747] [DEBUG] cheese - login => username:admin,password:123456
[2020-02-02T12:59:06.750] [DEBUG] cheese - admin
[2020-02-02T12:59:06.762] [DEBUG] cheese - null
[2020-02-02T12:59:06.762] [DEBUG] cheese - null
[2020-02-02T13:42:31.266] [DEBUG] cheese - login => username:admin,password:123456
[2020-02-02T13:42:31.266] [DEBUG] cheese - admin
[2020-02-02T13:42:31.272] [DEBUG] cheese - null
[2020-02-02T13:42:31.273] [DEBUG] cheese - null
[2020-02-02T13:42:52.236] [DEBUG] cheese - login => username:admin,password:123456
[2020-02-02T13:42:52.237] [DEBUG] cheese - admin
[2020-02-02T13:42:52.241] [DEBUG] cheese - null
[2020-02-02T13:42:52.241] [DEBUG] cheese - null
[2020-02-02T13:43:22.373] [DEBUG] cheese - login => username:admin,password:123456
[2020-02-02T13:43:22.373] [DEBUG] cheese - admin
[2020-02-02T13:43:22.381] [DEBUG] cheese - null
[2020-02-02T13:43:22.382] [DEBUG] cheese - null
[2020-02-02T13:57:57.669] [DEBUG] cheese - login => username:admin,password:123456
[2020-02-02T13:57:57.669] [DEBUG] cheese - admin
[2020-02-02T13:57:57.675] [DEBUG] cheese - null
[2020-02-02T13:57:57.675] [DEBUG] cheese - null
[2020-02-02T14:01:00.834] [DEBUG] cheese - login => username:admin,password:123456
[2020-02-02T14:01:00.836] [DEBUG] cheese - admin
[2020-02-02T14:01:00.875] [DEBUG] cheese - null
[2020-02-02T14:01:00.876] [DEBUG] cheese - null
[2020-02-02T14:28:33.260] [DEBUG] cheese - login => username:admin,password:123456
[2020-02-02T14:28:33.260] [DEBUG] cheese - admin
[2020-02-02T14:28:33.263] [DEBUG] cheese - null
[2020-02-02T14:28:33.263] [DEBUG] cheese - null
[2020-02-02T14:35:49.467] [DEBUG] cheese - login => username:admin,password:123456
[2020-02-02T14:35:49.467] [DEBUG] cheese - admin
[2020-02-02T14:35:49.470] [DEBUG] cheese - null
[2020-02-02T14:35:49.470] [DEBUG] cheese - null
[2020-02-02T15:29:21.354] [DEBUG] cheese - login => username:admin,password:123456
[2020-02-02T15:29:21.354] [DEBUG] cheese - admin
[2020-02-02T15:29:21.363] [DEBUG] cheese - null
[2020-02-02T15:29:21.363] [DEBUG] cheese - null
[2020-02-02T15:34:42.350] [DEBUG] cheese - login => username:admin,password:123456
[2020-02-02T15:34:42.350] [DEBUG] cheese - admin
[2020-02-02T15:34:42.352] [DEBUG] cheese - null
[2020-02-02T15:34:42.353] [DEBUG] cheese - null
[2020-02-02T16:01:32.433] [DEBUG] cheese - login => username:admin,password:123456
[2020-02-02T16:01:32.433] [DEBUG] cheese - admin
[2020-02-02T16:01:32.435] [DEBUG] cheese - null
[2020-02-02T16:01:32.435] [DEBUG] cheese - null
[2020-02-02T16:11:20.413] [DEBUG] cheese - login => username:admin,password:123456
[2020-02-02T16:11:20.413] [DEBUG] cheese - admin
[2020-02-02T16:11:20.414] [DEBUG] cheese - null
[2020-02-02T16:11:20.414] [DEBUG] cheese - null
[2020-02-05T13:54:07.684] [DEBUG] cheese - login => username:admin,password:123456
[2020-02-05T13:54:07.685] [DEBUG] cheese - admin
[2020-02-05T13:54:07.719] [DEBUG] cheese - null
[2020-02-05T13:54:07.719] [DEBUG] cheese - null
[2020-02-14T17:01:46.873] [DEBUG] cheese - login => username:admin,password:123456
[2020-02-14T17:01:46.876] [DEBUG] cheese - admin
[2020-02-14T17:01:46.900] [DEBUG] cheese - null
[2020-02-14T17:01:46.901] [DEBUG] cheese - null
[2020-02-14T17:50:21.591] [DEBUG] cheese - login => username:admin,password:123456
[2020-02-14T17:50:21.594] [DEBUG] cheese - admin
[2020-02-14T17:50:21.604] [DEBUG] cheese - null
[2020-02-14T17:50:21.604] [DEBUG] cheese - null
[2020-02-14T17:51:46.243] [DEBUG] cheese - login => username:report,password:123456
[2020-02-14T17:51:46.244] [DEBUG] cheese - report
[2020-02-14T17:51:46.247] [DEBUG] cheese - null
[2020-02-14T17:51:46.247] [DEBUG] cheese - null
[2020-02-14T17:51:51.927] [DEBUG] cheese - login => username:admin,password:123456
[2020-02-14T17:51:51.928] [DEBUG] cheese - admin
[2020-02-14T17:51:51.930] [DEBUG] cheese - null
[2020-02-14T17:51:51.930] [DEBUG] cheese - null
[2020-02-14T17:53:05.427] [DEBUG] cheese - login => username:author,password:123456
[2020-02-14T17:53:05.427] [DEBUG] cheese - author
[2020-02-14T17:53:05.429] [DEBUG] cheese - null
[2020-02-14T17:53:05.429] [DEBUG] cheese - null
[2020-02-14T17:53:07.947] [DEBUG] cheese - null
[2020-02-14T17:53:07.949] [DEBUG] cheese - null
[2020-02-14T17:53:13.294] [DEBUG] cheese - null
[2020-02-14T17:53:13.296] [DEBUG] cheese - null
[2020-02-14T17:53:14.599] [DEBUG] cheese - null
[2020-02-14T17:53:14.601] [DEBUG] cheese - null
[2020-02-14T17:53:23.043] [DEBUG] cheese - login => username:admin,password:123456
[2020-02-14T17:53:23.043] [DEBUG] cheese - admin
[2020-02-14T17:53:23.045] [DEBUG] cheese - null
[2020-02-14T17:53:23.045] [DEBUG] cheese - null
[2020-02-15T13:35:26.258] [DEBUG] cheese - login => username:admin,password:123456
[2020-02-15T13:35:26.259] [DEBUG] cheese - admin
[2020-02-15T13:35:26.261] [DEBUG] cheese - null
[2020-02-15T13:35:26.261] [DEBUG] cheese - null
[2020-02-16T12:38:14.875] [DEBUG] cheese - login => username:admin,password:123456
[2020-02-16T12:38:14.875] [DEBUG] cheese - admin
[2020-02-16T12:38:14.885] [DEBUG] cheese - null
[2020-02-16T12:38:14.885] [DEBUG] cheese - null
[2020-02-19T12:23:52.880] [DEBUG] cheese - login => username:admin,password:123456
[2020-02-19T12:23:52.880] [DEBUG] cheese - admin
[2020-02-19T12:23:52.886] [DEBUG] cheese - null
[2020-02-19T12:23:52.887] [DEBUG] cheese - null
[2020-02-19T12:26:17.173] [DEBUG] cheese - login => username:admin,password:123456
[2020-02-19T12:26:17.173] [DEBUG] cheese - admin
[2020-02-19T12:26:17.176] [DEBUG] cheese - null
[2020-02-19T12:26:17.176] [DEBUG] cheese - null
[2020-02-19T12:27:14.420] [DEBUG] cheese - login => username:admin,password:123456
[2020-02-19T12:27:14.420] [DEBUG] cheese - admin
[2020-02-19T12:27:14.422] [DEBUG] cheese - null
[2020-02-19T12:27:14.423] [DEBUG] cheese - null
[2020-02-25T03:10:46.626] [DEBUG] cheese - login => username:admin,password:123456
[2020-02-25T03:10:46.629] [DEBUG] cheese - admin
[2020-02-25T03:10:46.663] [DEBUG] cheese - null
[2020-02-25T03:10:46.663] [DEBUG] cheese - null
[2020-02-25T03:12:31.943] [DEBUG] cheese - login => username:goods,password:123456
[2020-02-25T03:12:31.943] [DEBUG] cheese - goods
[2020-02-25T03:12:31.945] [DEBUG] cheese - null
[2020-02-25T03:12:31.945] [DEBUG] cheese - null
[2020-02-25T03:12:34.412] [DEBUG] cheese - login => username:admin,password:123456
[2020-02-25T03:12:34.412] [DEBUG] cheese - admin
[2020-02-25T03:12:34.415] [DEBUG] cheese - null
[2020-02-25T03:12:34.415] [DEBUG] cheese - null
[2020-02-25T03:12:53.832] [DEBUG] cheese - login => username:good,password:123456
[2020-02-25T03:12:53.832] [DEBUG] cheese - good
[2020-02-25T03:12:53.835] [DEBUG] cheese - null
[2020-02-25T03:12:53.835] [DEBUG] cheese - null
[2020-02-25T03:13:04.899] [DEBUG] cheese - login => username:goods,password:123456
[2020-02-25T03:13:04.899] [DEBUG] cheese - goods
[2020-02-25T03:13:04.901] [DEBUG] cheese - null
[2020-02-25T03:13:04.901] [DEBUG] cheese - null
[2020-02-25T03:13:08.296] [DEBUG] cheese - null
[2020-02-25T03:13:08.298] [DEBUG] cheese - null
[2020-02-25T03:13:24.035] [DEBUG] cheese - null
[2020-02-25T03:13:24.038] [DEBUG] cheese - null
[2020-02-25T03:13:28.201] [DEBUG] cheese - null
[2020-02-25T03:13:28.203] [DEBUG] cheese - null
[2020-02-25T03:13:51.407] [DEBUG] cheese - null
[2020-02-25T03:13:51.410] [DEBUG] cheese - null
[2020-02-25T03:13:56.478] [DEBUG] cheese - null
[2020-02-25T03:13:56.480] [DEBUG] cheese - null
[2020-02-25T03:13:59.727] [DEBUG] cheese - null
[2020-02-25T03:13:59.729] [DEBUG] cheese - null
[2020-02-25T03:14:04.221] [DEBUG] cheese - null
[2020-02-25T03:14:04.224] [DEBUG] cheese - null
[2020-02-25T03:14:04.272] [DEBUG] cheese - null
[2020-02-25T03:14:04.273] [DEBUG] cheese - null
[2020-02-25T03:14:12.593] [DEBUG] cheese - login => username:goods,password:123456
[2020-02-25T03:14:12.593] [DEBUG] cheese - goods
[2020-02-25T03:14:12.596] [DEBUG] cheese - null
[2020-02-25T03:14:12.596] [DEBUG] cheese - null
[2020-02-25T03:14:15.186] [DEBUG] cheese - null
[2020-02-25T03:14:15.188] [DEBUG] cheese - null
[2020-02-25T03:14:16.064] [DEBUG] cheese - null
[2020-02-25T03:14:16.065] [DEBUG] cheese - null
[2020-02-25T03:14:17.239] [DEBUG] cheese - null
[2020-02-25T03:14:17.241] [DEBUG] cheese - null
[2020-02-25T03:14:23.251] [DEBUG] cheese - login => username:admin,password:123456
[2020-02-25T03:14:23.251] [DEBUG] cheese - admin
[2020-02-25T03:14:23.253] [DEBUG] cheese - null
[2020-02-25T03:14:23.253] [DEBUG] cheese - null
[2020-02-25T03:16:13.919] [DEBUG] cheese - login => username:goods,password:123456
[2020-02-25T03:16:13.919] [DEBUG] cheese - goods
[2020-02-25T03:16:13.920] [DEBUG] cheese - null
[2020-02-25T03:16:13.921] [DEBUG] cheese - null
[2020-02-25T03:16:17.235] [DEBUG] cheese - null
[2020-02-25T03:16:17.236] [DEBUG] cheese - null
[2020-02-25T03:16:20.234] [DEBUG] cheese - null
[2020-02-25T03:16:20.239] [DEBUG] cheese - null
[2020-02-25T03:16:21.420] [DEBUG] cheese - null
[2020-02-25T03:16:21.427] [DEBUG] cheese - null
[2020-02-25T03:16:28.501] [DEBUG] cheese - login => username:admin,password:123456
[2020-02-25T03:16:28.502] [DEBUG] cheese - admin
[2020-02-25T03:16:28.513] [DEBUG] cheese - null
[2020-02-25T03:16:28.513] [DEBUG] cheese - null
[2020-02-25T03:23:35.712] [DEBUG] cheese - login => username:admin,password:123456
[2020-02-25T03:23:35.712] [DEBUG] cheese - admin
[2020-02-25T03:23:35.715] [DEBUG] cheese - null
[2020-02-25T03:23:35.715] [DEBUG] cheese - null
[2020-02-25T03:25:38.822] [DEBUG] cheese - null
[2020-02-25T03:26:05.449] [DEBUG] cheese - login => username:linken,password:123456
[2020-02-25T03:26:05.450] [DEBUG] cheese - linken
[2020-02-25T03:26:05.451] [DEBUG] cheese - null
[2020-02-25T03:26:05.451] [DEBUG] cheese - null
[2020-02-25T03:26:07.914] [DEBUG] cheese - null
[2020-02-25T03:26:12.458] [DEBUG] cheese - null
[2020-02-25T03:26:18.375] [DEBUG] cheese - null
[2020-02-25T03:26:18.377] [DEBUG] cheese - null
[2020-02-25T03:26:21.334] [DEBUG] cheese - null
[2020-02-25T03:26:21.335] [DEBUG] cheese - null
[2020-02-25T03:26:22.151] [DEBUG] cheese - null
[2020-02-25T03:26:22.153] [DEBUG] cheese - null
[2020-02-25T03:26:22.799] [DEBUG] cheese - null
[2020-02-25T03:26:22.801] [DEBUG] cheese - null
[2020-02-25T03:26:25.970] [DEBUG] cheese - login => username:admin,password:123456
[2020-02-25T03:26:25.970] [DEBUG] cheese - admin
[2020-02-25T03:26:25.972] [DEBUG] cheese - null
[2020-02-25T03:26:25.972] [DEBUG] cheese - null
[2020-02-25T03:44:58.658] [DEBUG] cheese - login => username:admin,password:123456
[2020-02-25T03:44:58.658] [DEBUG] cheese - admin
[2020-02-25T03:44:58.660] [DEBUG] cheese - null
[2020-02-25T03:44:58.660] [DEBUG] cheese - null
[2020-02-25T09:35:09.360] [DEBUG] cheese - login => username:admin,password:123456
[2020-02-25T09:35:09.360] [DEBUG] cheese - admin
[2020-02-25T09:35:09.361] [DEBUG] cheese - null
[2020-02-25T09:35:09.361] [DEBUG] cheese - null
[2020-02-25T09:35:20.332] [DEBUG] cheese - login => username:goods,password:123456
[2020-02-25T09:35:20.333] [DEBUG] cheese - goods
[2020-02-25T09:35:20.335] [DEBUG] cheese - null
[2020-02-25T09:35:20.335] [DEBUG] cheese - null
[2020-02-25T09:35:22.817] [DEBUG] cheese - null
[2020-02-25T09:35:22.819] [DEBUG] cheese - null
[2020-02-25T09:35:23.402] [DEBUG] cheese - null
[2020-02-25T09:35:23.404] [DEBUG] cheese - null
[2020-02-25T09:35:31.430] [DEBUG] cheese - login => username:author,password:123456
[2020-02-25T09:35:31.430] [DEBUG] cheese - author
[2020-02-25T09:35:31.432] [DEBUG] cheese - null
[2020-02-25T09:35:31.432] [DEBUG] cheese - null
[2020-02-25T09:35:33.625] [DEBUG] cheese - null
[2020-02-25T09:35:33.626] [DEBUG] cheese - null
[2020-02-25T09:35:34.109] [DEBUG] cheese - null
[2020-02-25T09:35:34.110] [DEBUG] cheese - null
[2020-02-25T09:36:07.230] [DEBUG] cheese - login => username:admin,password:123456
[2020-02-25T09:36:07.230] [DEBUG] cheese - admin
[2020-02-25T09:36:07.233] [DEBUG] cheese - null
[2020-02-25T09:36:07.233] [DEBUG] cheese - null
[2020-02-25T09:36:57.448] [DEBUG] cheese - login => username:test,password:123456
[2020-02-25T09:36:57.448] [DEBUG] cheese - test
[2020-02-25T09:36:57.450] [DEBUG] cheese - null
[2020-02-25T09:36:57.451] [DEBUG] cheese - null
[2020-02-25T09:36:59.390] [DEBUG] cheese - login => username:admin,password:123456
[2020-02-25T09:36:59.390] [DEBUG] cheese - admin
[2020-02-25T09:36:59.392] [DEBUG] cheese - null
[2020-02-25T09:36:59.392] [DEBUG] cheese - null
[2020-02-25T09:37:20.461] [DEBUG] cheese - login => username:test,password:123456
[2020-02-25T09:37:20.461] [DEBUG] cheese - test
[2020-02-25T09:37:20.463] [DEBUG] cheese - null
[2020-02-25T09:37:20.463] [DEBUG] cheese - null
[2020-02-25T09:37:22.733] [DEBUG] cheese - null
[2020-02-25T09:37:22.734] [DEBUG] cheese - null
[2020-02-25T09:37:26.423] [DEBUG] cheese - login => username:admin,password:123456
[2020-02-25T09:37:26.424] [DEBUG] cheese - admin
[2020-02-25T09:37:26.425] [DEBUG] cheese - null
[2020-02-25T09:37:26.425] [DEBUG] cheese - null
[2020-02-25T09:37:34.639] [DEBUG] cheese - null
[2020-02-25T09:37:38.764] [DEBUG] cheese - null
[2020-02-25T09:37:44.419] [DEBUG] cheese - login => username:test,password:123456
[2020-02-25T09:37:44.419] [DEBUG] cheese - test
[2020-02-25T09:37:44.422] [DEBUG] cheese - null
[2020-02-25T09:37:44.422] [DEBUG] cheese - null
[2020-02-25T09:52:10.526] [DEBUG] cheese - null
[2020-02-25T09:52:10.528] [DEBUG] cheese - null
[2020-02-25T09:52:11.905] [DEBUG] cheese - null
[2020-02-25T09:52:11.906] [DEBUG] cheese - null
[2020-02-25T09:52:13.187] [DEBUG] cheese - null
[2020-02-25T09:52:13.189] [DEBUG] cheese - null
[2020-02-25T09:52:15.056] [DEBUG] cheese - null
[2020-02-25T09:52:15.057] [DEBUG] cheese - null
[2020-02-25T09:52:25.023] [DEBUG] cheese - null
[2020-02-25T09:52:25.024] [DEBUG] cheese - null
[2020-02-25T09:52:26.311] [DEBUG] cheese - null
[2020-02-25T09:52:26.312] [DEBUG] cheese - null
[2020-03-08T23:33:06.424] [DEBUG] cheese - login => username:admin,password:123456
[2020-03-08T23:33:06.428] [DEBUG] cheese - admin
[2020-03-08T23:33:06.483] [DEBUG] cheese - null
[2020-03-08T23:33:06.484] [DEBUG] cheese - null
[2020-03-08T23:33:18.033] [DEBUG] cheese - login => username:admin,password:123456
[2020-03-08T23:33:18.033] [DEBUG] cheese - admin
[2020-03-08T23:33:18.039] [DEBUG] cheese - null
[2020-03-08T23:33:18.039] [DEBUG] cheese - null
[2020-05-10T14:25:31.868] [DEBUG] cheese - login => username:admin,password:123456
[2020-05-10T14:25:31.870] [DEBUG] cheese - admin
[2020-05-10T14:25:31.873] [DEBUG] cheese - null
[2020-05-10T14:25:31.874] [DEBUG] cheese - null
[2020-05-10T15:07:35.379] [DEBUG] cheese - login => username:admin,password:123456
[2020-05-10T15:07:35.380] [DEBUG] cheese - admin
[2020-05-10T15:07:35.383] [DEBUG] cheese - null
[2020-05-10T15:07:35.384] [DEBUG] cheese - null
[2020-05-10T19:03:52.723] [DEBUG] cheese - null
[2020-05-10T20:19:05.862] [DEBUG] cheese - null
[2020-05-10T20:19:08.042] [DEBUG] cheese - null
[2020-05-10T20:19:14.916] [DEBUG] cheese - null
[2020-05-10T20:20:50.707] [DEBUG] cheese - null
[2020-05-10T20:34:35.234] [DEBUG] cheese - null
[2020-05-10T21:08:59.662] [DEBUG] cheese - null
[2020-05-10T21:09:16.626] [DEBUG] cheese - null
[2020-05-10T21:15:11.631] [DEBUG] cheese - login => username:admin,password:123456
[2020-05-10T21:15:11.631] [DEBUG] cheese - admin
[2020-05-10T21:15:11.642] [DEBUG] cheese - null
[2020-05-10T21:15:11.642] [DEBUG] cheese - null
[2020-05-10T21:15:41.909] [DEBUG] cheese - null
[2020-05-10T21:18:11.022] [DEBUG] cheese - null
[2020-05-10T21:20:39.783] [DEBUG] cheese - null
[2020-05-10T21:20:45.997] [DEBUG] cheese - null
[2020-05-10T21:20:50.276] [DEBUG] cheese - null
[2020-05-10T21:21:09.950] [DEBUG] cheese - null
[2020-05-10T21:21:39.098] [DEBUG] cheese - null
[2020-05-10T21:21:57.069] [DEBUG] cheese - null
[2020-05-10T21:22:59.172] [DEBUG] cheese - null
[2020-05-10T21:23:19.060] [DEBUG] cheese - null
[2020-05-10T21:23:22.356] [DEBUG] cheese - null
[2020-05-10T21:24:14.849] [DEBUG] cheese - null
[2020-05-11T18:50:51.339] [DEBUG] cheese - login => username:admin,password:123456
[2020-05-11T18:50:51.341] [DEBUG] cheese - admin
[2020-05-11T18:50:51.399] [DEBUG] cheese - null
[2020-05-11T18:50:51.399] [DEBUG] cheese - null
[2020-05-11T19:11:07.509] [DEBUG] cheese - login => username:admin,password:123456
[2020-05-11T19:11:07.509] [DEBUG] cheese - admin
[2020-05-11T19:11:07.512] [DEBUG] cheese - null
[2020-05-11T19:11:07.513] [DEBUG] cheese - null
[2020-05-11T19:14:58.951] [DEBUG] cheese - login => username:admin,password:123456
[2020-05-11T19:14:58.951] [DEBUG] cheese - admin
[2020-05-11T19:14:58.955] [DEBUG] cheese - null
[2020-05-11T19:14:58.955] [DEBUG] cheese - null
[2020-05-11T19:15:12.212] [DEBUG] cheese - login => username:admin,password:123456
[2020-05-11T19:15:12.212] [DEBUG] cheese - admin
[2020-05-11T19:15:12.214] [DEBUG] cheese - null
[2020-05-11T19:15:12.214] [DEBUG] cheese - null
[2020-05-11T19:17:08.497] [DEBUG] cheese - null
[2020-11-24T22:42:08.725] [DEBUG] cheese - login => username:zs,password:123456
[2020-11-24T22:42:08.729] [DEBUG] cheese - zs
[2020-11-24T22:42:09.122] [DEBUG] cheese - null
[2020-11-24T22:42:09.123] [DEBUG] cheese - null
[2020-11-24T22:42:44.067] [DEBUG] cheese - login => username:admin,password:123456
[2020-11-24T22:42:44.067] [DEBUG] cheese - admin
[2020-11-24T22:42:44.076] [DEBUG] cheese - null
[2020-11-24T22:43:16.198] [DEBUG] cheese - login => username:admin,password:123456
[2020-11-24T22:43:16.200] [DEBUG] cheese - admin
[2020-11-24T22:43:16.214] [DEBUG] cheese - null
[2020-11-24T22:43:56.647] [DEBUG] cheese - login => username:zs,password:123456
[2020-11-24T22:43:56.649] [DEBUG] cheese - zs
[2020-11-24T22:43:56.657] [DEBUG] cheese - null
[2020-11-24T22:43:56.658] [DEBUG] cheese - null
[2020-11-24T22:44:05.000] [DEBUG] cheese - login => username:zs01,password:123456
[2020-11-24T22:44:05.000] [DEBUG] cheese - zs01
[2020-11-24T22:44:05.003] [DEBUG] cheese - null
[2020-11-24T22:44:05.003] [DEBUG] cheese - null
[2020-11-24T22:44:15.728] [DEBUG] cheese - login => username:admin,password:123456
[2020-11-24T22:44:15.728] [DEBUG] cheese - admin
[2020-11-24T22:44:15.733] [DEBUG] cheese - null
[2020-11-24T22:46:08.884] [DEBUG] cheese - login => username:admin01,password:123456
[2020-11-24T22:46:08.886] [DEBUG] cheese - admin01
[2020-11-24T22:48:12.940] [DEBUG] cheese - login => username:zs,password:123456
[2020-11-24T22:48:12.940] [DEBUG] cheese - zs
[2020-11-24T22:48:12.946] [DEBUG] cheese - login => username:zs,password:123456
[2020-11-24T22:48:12.946] [DEBUG] cheese - zs
[2020-11-24T22:48:12.960] [DEBUG] cheese - null
[2020-11-24T22:48:12.961] [DEBUG] cheese - null
[2020-11-24T22:48:12.963] [DEBUG] cheese - null
[2020-11-24T22:48:12.963] [DEBUG] cheese - null
[2020-11-24T22:48:12.964] [DEBUG] cheese - null
[2020-11-24T22:48:12.964] [DEBUG] cheese - null
[2020-11-24T22:48:19.582] [DEBUG] cheese - login => username:zs,password:123456
[2020-11-24T22:48:19.582] [DEBUG] cheese - zs
[2020-11-24T22:48:19.584] [DEBUG] cheese - null
[2020-11-24T22:48:19.585] [DEBUG] cheese - null
[2020-11-24T22:49:07.079] [DEBUG] cheese - login => username:zs,password:123456
[2020-11-24T22:49:07.079] [DEBUG] cheese - zs
[2020-11-24T22:49:07.082] [DEBUG] cheese - null
[2020-11-24T22:49:07.082] [DEBUG] cheese - null
[2020-11-24T22:49:22.518] [DEBUG] cheese - login => username:zs,password:123456
[2020-11-24T22:49:22.518] [DEBUG] cheese - zs
[2020-11-24T22:49:22.520] [DEBUG] cheese - null
[2020-11-24T22:49:22.520] [DEBUG] cheese - null
[2020-11-24T22:49:52.671] [DEBUG] cheese - login => username:zs,password:123456
[2020-11-24T22:49:52.671] [DEBUG] cheese - zs
[2020-11-24T22:49:52.673] [DEBUG] cheese - null
[2020-11-24T22:49:52.673] [DEBUG] cheese - null
[2020-11-24T22:49:56.489] [DEBUG] cheese - login => username:zs,password:123456
[2020-11-24T22:49:56.489] [DEBUG] cheese - zs
[2020-11-24T22:49:56.491] [DEBUG] cheese - null
[2020-11-24T22:49:56.491] [DEBUG] cheese - null
[2020-11-24T22:50:01.516] [DEBUG] cheese - login => username:zs01,password:123456
[2020-11-24T22:50:01.516] [DEBUG] cheese - zs01
[2020-11-24T22:50:01.518] [DEBUG] cheese - null
[2020-11-24T22:50:01.518] [DEBUG] cheese - null
[2020-11-24T22:50:10.869] [DEBUG] cheese - login => username:admin,password:123456
[2020-11-24T22:50:10.870] [DEBUG] cheese - admin
[2020-11-24T22:50:10.874] [DEBUG] cheese - null
[2020-11-24T22:58:12.309] [DEBUG] cheese - login => username:admin01,password:123456
[2020-11-24T22:58:12.311] [DEBUG] cheese - admin01
[2020-11-24T22:58:12.320] [DEBUG] cheese - null
[2020-11-24T22:58:12.320] [DEBUG] cheese - null
[2020-11-24T22:58:34.603] [DEBUG] cheese - login => username:admi,password:123456
[2020-11-24T22:58:34.603] [DEBUG] cheese - admi
[2020-11-24T22:58:34.606] [DEBUG] cheese - null
[2020-11-24T22:58:34.606] [DEBUG] cheese - null
[2020-11-24T22:58:43.677] [DEBUG] cheese - login => username:admin,password:123456
[2020-11-24T22:58:43.678] [DEBUG] cheese - admin
[2020-11-24T22:58:43.682] [DEBUG] cheese - null
[2020-11-24T22:59:18.894] [DEBUG] cheese - login => username:admin,password:123456
[2020-11-24T22:59:18.897] [DEBUG] cheese - admin
[2020-11-24T22:59:18.908] [DEBUG] cheese - null
[2020-11-24T22:59:32.508] [DEBUG] cheese - login => username:admin01,password:123456
[2020-11-24T22:59:32.512] [DEBUG] cheese - admin01
[2020-11-24T22:59:32.522] [DEBUG] cheese - null
[2020-11-24T22:59:32.522] [DEBUG] cheese - null
[2020-11-24T22:59:49.652] [DEBUG] cheese - login => username:admin,password:123456
[2020-11-24T22:59:49.652] [DEBUG] cheese - admin
[2020-11-24T22:59:49.659] [DEBUG] cheese - null
[2020-11-24T23:10:36.048] [DEBUG] cheese - login => username:admin01,password:123456
[2020-11-24T23:10:36.051] [DEBUG] cheese - admin01
[2020-11-24T23:10:36.060] [DEBUG] cheese - null
[2020-11-24T23:10:36.061] [DEBUG] cheese - null
[2020-11-24T23:10:43.200] [DEBUG] cheese - login => username:admin,password:123456
[2020-11-24T23:10:43.201] [DEBUG] cheese - admin
[2020-11-24T23:10:43.207] [DEBUG] cheese - null
[2020-11-24T23:10:43.207] [DEBUG] cheese - null
[2020-11-25T23:45:53.186] [DEBUG] cheese - login => username:husdfhsu,password:dsjidsi
[2020-11-25T23:45:53.190] [DEBUG] cheese - husdfhsu
[2020-11-25T23:45:53.425] [DEBUG] cheese - null
[2020-11-25T23:45:53.426] [DEBUG] cheese - null
[2020-11-25T23:50:33.938] [DEBUG] cheese - login => username:husdfhsu,password:dsjidsi
[2020-11-25T23:50:33.938] [DEBUG] cheese - husdfhsu
[2020-11-25T23:50:33.952] [DEBUG] cheese - null
[2020-11-25T23:50:33.952] [DEBUG] cheese - null
[2020-11-25T23:53:21.234] [DEBUG] cheese - login => username:husdfhsu,password:dsjidsi
[2020-11-25T23:53:21.234] [DEBUG] cheese - husdfhsu
[2020-11-25T23:53:21.241] [DEBUG] cheese - null
[2020-11-25T23:53:21.241] [DEBUG] cheese - null
[2020-11-25T23:53:29.738] [DEBUG] cheese - login => username:admin,password:123
[2020-11-25T23:53:29.739] [DEBUG] cheese - admin
[2020-11-25T23:53:29.748] [DEBUG] cheese - null
[2020-11-25T23:53:29.748] [DEBUG] cheese - null
[2020-11-25T23:53:38.205] [DEBUG] cheese - login => username:admin,password:123456
[2020-11-25T23:53:38.205] [DEBUG] cheese - admin
[2020-11-25T23:53:38.213] [DEBUG] cheese - null
[2020-11-25T23:53:38.213] [DEBUG] cheese - null
[2020-11-27T00:21:00.600] [DEBUG] cheese - login => username:husdfhsu,password:dsjidsi
[2020-11-27T00:21:00.613] [DEBUG] cheese - husdfhsu
[2020-11-27T00:21:00.782] [DEBUG] cheese - null
[2020-11-27T00:21:00.783] [DEBUG] cheese - null
[2020-11-27T00:21:11.903] [DEBUG] cheese - login => username:admin,password:123456
[2020-11-27T00:21:11.903] [DEBUG] cheese - admin
[2020-11-27T00:21:11.921] [DEBUG] cheese - null
[2020-11-27T00:21:11.921] [DEBUG] cheese - null
[2020-11-27T00:21:56.735] [DEBUG] cheese - login => username:admin,password:123456
[2020-11-27T00:21:56.736] [DEBUG] cheese - admin
[2020-11-27T00:21:56.742] [DEBUG] cheese - null
[2020-11-27T00:21:56.742] [DEBUG] cheese - null
[2020-11-27T00:22:39.178] [DEBUG] cheese - login => username:admin,password:123456
[2020-11-27T00:22:39.178] [DEBUG] cheese - admin
[2020-11-27T00:22:39.183] [DEBUG] cheese - null
[2020-11-27T00:22:39.183] [DEBUG] cheese - null
[2020-11-27T00:31:58.910] [DEBUG] cheese - login => username:admin,password:123456
[2020-11-27T00:31:58.911] [DEBUG] cheese - admin
[2020-11-27T00:31:58.921] [DEBUG] cheese - null
[2020-11-27T00:31:58.921] [DEBUG] cheese - null
[2020-11-27T22:42:22.858] [DEBUG] cheese - login => username:admin,password:123456
[2020-11-27T22:42:22.873] [DEBUG] cheese - admin
[2020-11-27T22:42:23.013] [DEBUG] cheese - null
[2020-11-27T22:42:23.015] [DEBUG] cheese - null
[2020-11-27T22:42:37.793] [DEBUG] cheese - login => username:admin,password:123456
[2020-11-27T22:42:37.793] [DEBUG] cheese - admin
[2020-11-27T22:42:37.800] [DEBUG] cheese - null
[2020-11-27T22:42:37.800] [DEBUG] cheese - null
[2020-11-27T22:43:27.398] [DEBUG] cheese - login => username:admin,password:123456
[2020-11-27T22:43:27.398] [DEBUG] cheese - admin
[2020-11-27T22:43:27.403] [DEBUG] cheese - null
[2020-11-27T22:43:27.404] [DEBUG] cheese - null
[2020-11-27T23:52:39.163] [DEBUG] cheese - login => username:admin,password:123456
[2020-11-27T23:52:39.163] [DEBUG] cheese - admin
[2020-11-27T23:52:39.175] [DEBUG] cheese - null
[2020-11-27T23:52:39.176] [DEBUG] cheese - null
[2020-11-27T23:53:44.925] [DEBUG] cheese - login => username:admin,password:123456
[2020-11-27T23:53:44.925] [DEBUG] cheese - admin
[2020-11-27T23:53:44.931] [DEBUG] cheese - null
[2020-11-27T23:53:44.931] [DEBUG] cheese - null
[2020-11-27T23:57:04.256] [DEBUG] cheese - login => username:admin,password:123456
[2020-11-27T23:57:04.256] [DEBUG] cheese - admin
[2020-11-27T23:57:04.263] [DEBUG] cheese - null
[2020-11-27T23:57:04.264] [DEBUG] cheese - null
[2020-11-27T23:57:49.701] [DEBUG] cheese - login => username:admin,password:123456
[2020-11-27T23:57:49.701] [DEBUG] cheese - admin
[2020-11-27T23:57:49.705] [DEBUG] cheese - null
[2020-11-27T23:57:49.705] [DEBUG] cheese - null
[2020-11-28T00:07:49.925] [DEBUG] cheese - login => username:admin,password:123456
[2020-11-28T00:07:49.925] [DEBUG] cheese - admin
[2020-11-28T00:07:49.933] [DEBUG] cheese - null
[2020-11-28T00:07:49.933] [DEBUG] cheese - null
[2020-11-29T14:35:25.182] [DEBUG] cheese - login => username:admin,password:123456
[2020-11-29T14:35:25.193] [DEBUG] cheese - admin
[2020-11-29T14:35:25.470] [DEBUG] cheese - null
[2020-11-29T14:35:25.472] [DEBUG] cheese - null
[2020-11-29T14:46:57.140] [DEBUG] cheese - login => username:admin,password:123456
[2020-11-29T14:46:57.140] [DEBUG] cheese - admin
[2020-11-29T14:46:57.144] [DEBUG] cheese - null
[2020-11-29T14:46:57.144] [DEBUG] cheese - null
[2020-11-29T15:15:00.500] [DEBUG] cheese - login => username:admin,password:123456
[2020-11-29T15:15:00.500] [DEBUG] cheese - admin
[2020-11-29T15:15:00.504] [DEBUG] cheese - null
[2020-11-29T15:15:00.504] [DEBUG] cheese - null
[2020-11-29T15:19:19.767] [DEBUG] cheese - login => username:admin,password:123456
[2020-11-29T15:19:19.767] [DEBUG] cheese - admin
[2020-11-29T15:19:19.770] [DEBUG] cheese - null
[2020-11-29T15:19:19.770] [DEBUG] cheese - null
[2020-11-29T15:25:30.309] [DEBUG] cheese - login => username:admin,password:123456
[2020-11-29T15:25:30.309] [DEBUG] cheese - admin
[2020-11-29T15:25:30.314] [DEBUG] cheese - null
[2020-11-29T15:25:30.314] [DEBUG] cheese - null
[2020-11-29T22:00:48.346] [DEBUG] cheese - login => username:admin,password:123456
[2020-11-29T22:00:48.359] [DEBUG] cheese - admin
[2020-11-29T22:00:48.574] [DEBUG] cheese - null
[2020-11-29T22:00:48.576] [DEBUG] cheese - null
[2020-11-29T22:04:15.811] [DEBUG] cheese - login => username:admin,password:123
[2020-11-29T22:04:15.812] [DEBUG] cheese - admin
[2020-11-29T22:04:15.838] [DEBUG] cheese - null
[2020-11-29T22:04:15.839] [DEBUG] cheese - null
[2020-11-29T22:05:14.682] [DEBUG] cheese - login => username:admin,password:123
[2020-11-29T22:05:14.683] [DEBUG] cheese - admin
[2020-11-29T22:05:14.698] [DEBUG] cheese - null
[2020-11-29T22:05:14.698] [DEBUG] cheese - null
[2020-11-29T22:06:59.540] [DEBUG] cheese - login => username:admin,password:123456
[2020-11-29T22:06:59.541] [DEBUG] cheese - admin
[2020-11-29T22:06:59.553] [DEBUG] cheese - null
[2020-11-29T22:06:59.553] [DEBUG] cheese - null
[2020-11-30T21:16:31.913] [DEBUG] cheese - login => username:admin,password:123456
[2020-11-30T21:16:31.920] [DEBUG] cheese - admin
[2020-11-30T21:16:32.104] [DEBUG] cheese - null
[2020-11-30T21:16:32.105] [DEBUG] cheese - null
[2020-11-30T21:21:54.270] [DEBUG] cheese - login => username:admin,password:123456
[2020-11-30T21:21:54.270] [DEBUG] cheese - admin
[2020-11-30T21:21:54.274] [DEBUG] cheese - null
[2020-11-30T21:21:54.274] [DEBUG] cheese - null
[2020-11-30T21:22:22.185] [DEBUG] cheese - login => username:admin,password:123456
[2020-11-30T21:22:22.186] [DEBUG] cheese - admin
[2020-11-30T21:22:22.188] [DEBUG] cheese - null
[2020-11-30T21:22:22.188] [DEBUG] cheese - null
[2020-11-30T23:15:44.469] [DEBUG] cheese - login => username:admin,password:123456
[2020-11-30T23:15:44.469] [DEBUG] cheese - admin
[2020-11-30T23:15:44.472] [DEBUG] cheese - null
[2020-11-30T23:15:44.472] [DEBUG] cheese - null
[2020-12-01T21:57:26.395] [DEBUG] cheese - login => username:admin,password:123456
[2020-12-01T21:57:26.398] [DEBUG] cheese - admin
[2020-12-01T21:57:26.876] [DEBUG] cheese - null
[2020-12-01T21:57:26.877] [DEBUG] cheese - null
[2020-12-03T20:52:41.957] [DEBUG] cheese - login => username:admin,password:123456
[2020-12-03T20:52:41.967] [DEBUG] cheese - admin
[2020-12-03T20:52:42.271] [DEBUG] cheese - null
[2020-12-03T20:52:42.273] [DEBUG] cheese - null
[2020-12-03T21:04:33.165] [DEBUG] cheese - login => username:admin,password:123456
[2020-12-03T21:04:33.165] [DEBUG] cheese - admin
[2020-12-03T21:04:33.168] [DEBUG] cheese - null
[2020-12-03T21:04:33.168] [DEBUG] cheese - null
[2020-12-04T21:42:10.707] [DEBUG] cheese - login => username:admin,password:123456
[2020-12-04T21:42:10.709] [DEBUG] cheese - admin
[2020-12-04T21:42:10.831] [DEBUG] cheese - null
[2020-12-04T21:42:10.831] [DEBUG] cheese - null
[2020-12-05T13:04:36.681] [DEBUG] cheese - login => username:admin,password:123456
[2020-12-05T13:04:36.684] [DEBUG] cheese - admin
[2020-12-05T13:04:37.251] [DEBUG] cheese - null
[2020-12-05T13:04:37.251] [DEBUG] cheese - null
[2020-12-05T23:51:20.604] [DEBUG] cheese - login => username:admin,password:123456
[2020-12-05T23:51:20.607] [DEBUG] cheese - admin
[2020-12-05T23:51:20.869] [DEBUG] cheese - null
[2020-12-05T23:51:20.870] [DEBUG] cheese - null
[2020-12-07T21:11:57.491] [DEBUG] cheese - login => username:admin,password:123456
[2020-12-07T21:11:57.499] [DEBUG] cheese - admin
[2020-12-07T21:11:57.883] [DEBUG] cheese - null
[2020-12-07T21:11:57.886] [DEBUG] cheese - null
[2020-12-07T22:10:40.584] [DEBUG] cheese - login => username:admin,password:123456
[2020-12-07T22:10:40.584] [DEBUG] cheese - admin
[2020-12-07T22:10:40.592] [DEBUG] cheese - null
[2020-12-07T22:10:40.592] [DEBUG] cheese - null
[2020-12-07T23:06:34.914] [DEBUG] cheese - login => username:admin,password:123456
[2020-12-07T23:06:34.914] [DEBUG] cheese - admin
[2020-12-07T23:06:34.919] [DEBUG] cheese - null
[2020-12-07T23:06:34.919] [DEBUG] cheese - null
[2020-12-08T22:57:11.579] [DEBUG] cheese - login => username:admin,password:123456
[2020-12-08T22:57:11.588] [DEBUG] cheese - admin
[2020-12-08T22:57:11.713] [DEBUG] cheese - null
[2020-12-08T22:57:11.714] [DEBUG] cheese - null
[2020-12-09T23:05:21.144] [DEBUG] cheese - login => username:admin,password:123456
[2020-12-09T23:05:21.147] [DEBUG] cheese - admin
[2020-12-09T23:05:21.195] [DEBUG] cheese - null
[2020-12-09T23:05:21.195] [DEBUG] cheese - null
[2020-12-09T23:08:25.631] [DEBUG] cheese - login => username:admin,password:123456
[2020-12-09T23:08:25.631] [DEBUG] cheese - admin
[2020-12-09T23:08:25.638] [DEBUG] cheese - null
[2020-12-09T23:08:25.638] [DEBUG] cheese - null
[2020-12-09T23:53:30.452] [DEBUG] cheese - null
[2020-12-09T23:55:50.528] [DEBUG] cheese - null
[2020-12-09T23:58:23.099] [DEBUG] cheese - login => username:admin,password:123456
[2020-12-09T23:58:23.099] [DEBUG] cheese - admin
[2020-12-09T23:58:23.105] [DEBUG] cheese - null
[2020-12-09T23:58:23.105] [DEBUG] cheese - null
[2020-12-14T22:36:02.571] [DEBUG] cheese - login => username:admin,password:123456
[2020-12-14T22:36:02.588] [DEBUG] cheese - admin
[2020-12-14T22:36:02.730] [DEBUG] cheese - null
[2020-12-14T22:36:02.730] [DEBUG] cheese - null
[2020-12-17T23:45:42.690] [DEBUG] cheese - login => username:admin,password:123456
[2020-12-17T23:45:42.696] [DEBUG] cheese - admin
[2020-12-17T23:45:42.849] [DEBUG] cheese - null
[2020-12-17T23:45:42.850] [DEBUG] cheese - null
[2021-03-06T15:16:21.652] [DEBUG] cheese - login => username:admin,password:123456
[2021-03-06T15:16:21.661] [DEBUG] cheese - admin
[2021-03-06T15:16:21.917] [DEBUG] cheese - null
[2021-03-06T15:16:21.918] [DEBUG] cheese - null
[2021-03-25T22:47:10.123] [DEBUG] cheese - login => username:admin,password:123
[2021-03-25T22:47:10.126] [DEBUG] cheese - admin
[2021-03-25T22:47:10.153] [DEBUG] cheese - null
[2021-03-25T22:47:10.154] [DEBUG] cheese - null
[2021-03-25T22:47:13.579] [DEBUG] cheese - login => username:admin,password:123456
[2021-03-25T22:47:13.580] [DEBUG] cheese - admin
[2021-03-25T22:47:13.584] [DEBUG] cheese - null
[2021-03-25T22:47:13.584] [DEBUG] cheese - null
[2021-03-25T22:49:38.551] [DEBUG] cheese - login => username:admin,password:123456
[2021-03-25T22:49:38.551] [DEBUG] cheese - admin
[2021-03-25T22:49:38.553] [DEBUG] cheese - null
[2021-03-25T22:49:38.553] [DEBUG] cheese - null
[2021-03-25T22:49:48.229] [DEBUG] cheese - login => username:admin,password:123456
[2021-03-25T22:49:48.230] [DEBUG] cheese - admin
[2021-03-25T22:49:48.233] [DEBUG] cheese - null
[2021-03-25T22:49:48.233] [DEBUG] cheese - null
[2021-03-26T20:44:09.168] [DEBUG] cheese - login => username:admin,password:123456
[2021-03-26T20:44:09.174] [DEBUG] cheese - admin
[2021-03-26T20:44:09.211] [DEBUG] cheese - null
[2021-03-26T20:44:09.212] [DEBUG] cheese - null
[2021-03-27T00:08:12.483] [DEBUG] cheese - login => username:admin,password:123456
[2021-03-27T00:08:12.484] [DEBUG] cheese - admin
[2021-03-27T00:08:12.493] [DEBUG] cheese - null
[2021-03-27T00:08:12.494] [DEBUG] cheese - null
[2021-03-27T10:32:10.125] [DEBUG] cheese - login => username:admin,password:123456
[2021-03-27T10:32:10.131] [DEBUG] cheese - admin
[2021-03-27T10:32:10.188] [DEBUG] cheese - null
[2021-03-27T10:32:10.189] [DEBUG] cheese - null
[2021-03-27T10:51:09.056] [DEBUG] cheese - login => username:admin,password:123456
[2021-03-27T10:51:09.056] [DEBUG] cheese - admin
[2021-03-27T10:51:09.067] [DEBUG] cheese - null
[2021-03-27T10:51:09.067] [DEBUG] cheese - null
[2021-03-27T11:27:37.624] [DEBUG] cheese - login => username:admin,password:123456
[2021-03-27T11:27:37.625] [DEBUG] cheese - admin
[2021-03-27T11:27:37.641] [DEBUG] cheese - null
[2021-03-27T11:27:37.641] [DEBUG] cheese - null
[2021-03-27T11:46:19.019] [DEBUG] cheese - login => username:admin,password:123456
[2021-03-27T11:46:19.019] [DEBUG] cheese - admin
[2021-03-27T11:46:19.024] [DEBUG] cheese - null
[2021-03-27T11:46:19.024] [DEBUG] cheese - null
[2021-03-27T17:26:23.412] [DEBUG] cheese - login => username:admin,password:123456
[2021-03-27T17:26:23.413] [DEBUG] cheese - admin
[2021-03-27T17:26:23.423] [DEBUG] cheese - null
[2021-03-27T17:26:23.423] [DEBUG] cheese - null
[2021-03-27T17:26:43.819] [DEBUG] cheese - login => username:admin,password:123456
[2021-03-27T17:26:43.819] [DEBUG] cheese - admin
[2021-03-27T17:26:43.822] [DEBUG] cheese - null
[2021-03-27T17:26:43.822] [DEBUG] cheese - null
[2021-03-28T14:38:56.349] [DEBUG] cheese - login => username:admin,password:123456
[2021-03-28T14:38:56.350] [DEBUG] cheese - admin
[2021-03-28T14:38:56.365] [DEBUG] cheese - null
[2021-03-28T14:38:56.366] [DEBUG] cheese - null
[2021-03-28T15:04:35.392] [DEBUG] cheese - login => username:admin,password:123456
[2021-03-28T15:04:35.392] [DEBUG] cheese - admin
[2021-03-28T15:04:35.396] [DEBUG] cheese - null
[2021-03-28T15:04:35.396] [DEBUG] cheese - null
[2021-03-28T15:53:06.991] [DEBUG] cheese - login => username:admin,password:123456
[2021-03-28T15:53:06.991] [DEBUG] cheese - admin
[2021-03-28T15:53:06.994] [DEBUG] cheese - null
[2021-03-28T15:53:06.994] [DEBUG] cheese - null
[2021-03-28T15:54:53.515] [DEBUG] cheese - login => username:admin,password:123456
[2021-03-28T15:54:53.515] [DEBUG] cheese - admin
[2021-03-28T15:54:53.518] [DEBUG] cheese - null
[2021-03-28T15:54:53.518] [DEBUG] cheese - null
[2021-03-28T23:29:30.240] [DEBUG] cheese - login => username:admin,password:123456
[2021-03-28T23:29:30.242] [DEBUG] cheese - admin
[2021-03-28T23:29:30.261] [DEBUG] cheese - null
[2021-03-28T23:29:30.262] [DEBUG] cheese - null
[2021-03-28T23:32:32.976] [DEBUG] cheese - login => username:admin,password:123456
[2021-03-28T23:32:32.976] [DEBUG] cheese - admin
[2021-03-28T23:32:32.981] [DEBUG] cheese - null
[2021-03-28T23:32:32.981] [DEBUG] cheese - null
[2021-03-28T23:50:24.413] [DEBUG] cheese - login => username:admin,password:123456
[2021-03-28T23:50:24.413] [DEBUG] cheese - admin
[2021-03-28T23:50:24.420] [DEBUG] cheese - null
[2021-03-28T23:50:24.420] [DEBUG] cheese - null
[2021-03-28T23:50:45.736] [DEBUG] cheese - login => username:admin,password:123456
[2021-03-28T23:50:45.736] [DEBUG] cheese - admin
[2021-03-28T23:50:45.738] [DEBUG] cheese - null
[2021-03-28T23:50:45.738] [DEBUG] cheese - null
[2021-03-28T23:52:16.770] [DEBUG] cheese - login => username:admin,password:123456
[2021-03-28T23:52:16.770] [DEBUG] cheese - admin
[2021-03-28T23:52:16.773] [DEBUG] cheese - null
[2021-03-28T23:52:16.773] [DEBUG] cheese - null
[2021-03-29T22:14:13.411] [DEBUG] cheese - login => username:admin,password:123456
[2021-03-29T22:14:13.422] [DEBUG] cheese - admin
[2021-03-29T22:14:13.445] [DEBUG] cheese - null
[2021-03-29T22:14:13.445] [DEBUG] cheese - null
[2021-03-29T23:34:22.657] [DEBUG] cheese - login => username:admin,password:123456
[2021-03-29T23:34:22.658] [DEBUG] cheese - admin
[2021-03-29T23:34:22.664] [DEBUG] cheese - null
[2021-03-29T23:34:22.665] [DEBUG] cheese - null
[2021-03-29T23:39:06.029] [DEBUG] cheese - login => username:admin,password:123456
[2021-03-29T23:39:06.029] [DEBUG] cheese - admin
[2021-03-29T23:39:06.031] [DEBUG] cheese - null
[2021-03-29T23:39:06.032] [DEBUG] cheese - null
[2021-03-29T23:40:05.066] [DEBUG] cheese - login => username:admin,password:123456
[2021-03-29T23:40:05.066] [DEBUG] cheese - admin
[2021-03-29T23:40:05.068] [DEBUG] cheese - null
[2021-03-29T23:40:05.068] [DEBUG] cheese - null
[2021-03-30T13:32:29.295] [DEBUG] cheese - login => username:admin,password:123456
[2021-03-30T13:32:29.297] [DEBUG] cheese - admin
[2021-03-30T13:32:29.314] [DEBUG] cheese - null
[2021-03-30T13:32:29.315] [DEBUG] cheese - null
